info: ::1 - - [14/Dec/2023:08:52:06 +0000] "GET /api/v1/ HTTP/1.1" 304 - "-" "Mozilla/5.0 (Windows NT 10.0; Win64; x64) AppleWebKit/537.36 (KHTML, like Gecko) Chrome/120.0.0.0 Safari/537.36"

info: ::1 - - [14/Dec/2023:08:52:06 +0000] "GET /favicon.ico HTTP/1.1" 404 47 "-" "Mozilla/5.0 (Windows NT 10.0; Win64; x64) AppleWebKit/537.36 (KHTML, like Gecko) Chrome/120.0.0.0 Safari/537.36"

info: ::1 - - [14/Dec/2023:09:38:40 +0000] "GET /api/v1/users/ HTTP/1.1" 200 36365 "-" "PostmanRuntime/7.36.0"

info: ::1 - - [14/Dec/2023:09:40:40 +0000] "GET /api/v1/users/ HTTP/1.1" 200 65 "-" "PostmanRuntime/7.36.0"

info: ::1 - - [14/Dec/2023:09:40:54 +0000] "POST /api/v1/users/ HTTP/1.1" 500 55 "-" "PostmanRuntime/7.36.0"

info: ::1 - - [14/Dec/2023:09:45:41 +0000] "POST /api/v1/users/ HTTP/1.1" 500 55 "-" "PostmanRuntime/7.36.0"

info: ::1 - - [14/Dec/2023:09:48:19 +0000] "POST /api/v1/users/add/ HTTP/1.1" 201 226 "-" "PostmanRuntime/7.36.0"

info: ::1 - - [14/Dec/2023:09:52:17 +0000] "POST /api/v1/users/add/ HTTP/1.1" 201 223 "-" "PostmanRuntime/7.36.0"

info: ::1 - - [14/Dec/2023:10:00:40 +0000] "POST /api/v1/users/add/ HTTP/1.1" 201 228 "-" "PostmanRuntime/7.36.0"

info: ::1 - - [14/Dec/2023:10:12:26 +0000] "POST /api/v1/users/add/ HTTP/1.1" 201 251 "-" "PostmanRuntime/7.36.0"

info: ::1 - - [14/Dec/2023:10:12:40 +0000] "POST /api/v1/users/add/ HTTP/1.1" 500 103 "-" "PostmanRuntime/7.36.0"

info: ::1 - - [14/Dec/2023:10:14:59 +0000] "POST /api/v1/users/add/ HTTP/1.1" 500 103 "-" "PostmanRuntime/7.36.0"

info: ::1 - - [14/Dec/2023:10:15:09 +0000] "POST /api/v1/users/add/ HTTP/1.1" 201 284 "-" "PostmanRuntime/7.36.0"

info: ::1 - - [14/Dec/2023:10:15:24 +0000] "POST /api/v1/users/add/ HTTP/1.1" 500 66 "-" "PostmanRuntime/7.36.0"

info: ::1 - - [14/Dec/2023:10:20:17 +0000] "POST /api/v1/users/add/ HTTP/1.1" 201 280 "-" "PostmanRuntime/7.36.0"

info: ::1 - - [14/Dec/2023:10:20:30 +0000] "GET /api/v1/users/ HTTP/1.1" 200 1214 "-" "PostmanRuntime/7.36.0"

info: ::1 - - [14/Dec/2023:10:20:38 +0000] "PUT /api/v1/users/ HTTP/1.1" 404 47 "-" "PostmanRuntime/7.36.0"

info: ::1 - - [14/Dec/2023:10:20:43 +0000] "POST /api/v1/users/ HTTP/1.1" 404 47 "-" "PostmanRuntime/7.36.0"

info: ::1 - - [14/Dec/2023:10:38:52 +0000] "POST /api/v1/users/login/ HTTP/1.1" 500 74 "-" "PostmanRuntime/7.36.0"

info: ::1 - - [14/Dec/2023:11:41:06 +0000] "POST /api/v1/users/add/ HTTP/1.1" 500 56 "-" "PostmanRuntime/7.36.0"

info: ::1 - - [14/Dec/2023:11:41:30 +0000] "POST /api/v1/users/add/ HTTP/1.1" 201 306 "-" "PostmanRuntime/7.36.0"

